<?xml version="1.0" encoding="UTF-8"?>
<!-- Generated by org.testng.reporters.JUnitXMLReporter -->
<testsuite ignored="0" hostname="DESKTOP-0N88LAP" failures="1" tests="1" name="Functional Testing on Amazon Chrome" time="112.745" errors="0" timestamp="2021-05-15T17:13:46 IST">
  <testcase classname="com.qa.testscripts.TC_Amazon_02" name="CalculateFooterLinks" time="11.715">
    <failure type="java.lang.AssertionError" message="expected [true] but found [false]">
      <![CDATA[java.lang.AssertionError: expected [true] but found [false]
at com.qa.testscripts.TC_Amazon_02.CalculateFooterLinks(TC_Amazon_02.java:25)
at java.base/java.util.concurrent.ThreadPoolExecutor.runWorker(ThreadPoolExecutor.java:1130)
at java.base/java.util.concurrent.ThreadPoolExecutor$Worker.run(ThreadPoolExecutor.java:630)
at java.base/java.lang.Thread.run(Thread.java:832)
... Removed 16 stack frames]]>
    </failure>
  </testcase> <!-- CalculateFooterLinks -->
</testsuite> <!-- Functional Testing on Amazon Chrome -->
